<?xml version="1.0" encoding="UTF-8"?>
<testng-results ignored="0" total="1" passed="1" failed="0" skipped="0">
  <reporter-output>
  </reporter-output>
  <suite started-at="2022-01-22T14:28:11Z" name="Default suite" finished-at="2022-01-22T14:28:23Z" duration-ms="11649">
    <groups>
    </groups>
    <test started-at="2022-01-22T14:28:11Z" name="Default test" finished-at="2022-01-22T14:28:23Z" duration-ms="11649">
      <class name="jenkinsConcepts.ReadingPropertiesfromJenkins">
        <test-method signature="readDatafromJenkins()[pri:0, instance:jenkinsConcepts.ReadingPropertiesfromJenkins@39ac0c0a]" started-at="2022-01-22T14:28:11Z" name="readDatafromJenkins" finished-at="2022-01-22T14:28:23Z" duration-ms="11626" status="PASS">
          <reporter-output>
          </reporter-output>
        </test-method> <!-- readDatafromJenkins -->
      </class> <!-- jenkinsConcepts.ReadingPropertiesfromJenkins -->
    </test> <!-- Default test -->
  </suite> <!-- Default suite -->
</testng-results>
