<?xml version="1.0" encoding="UTF-8"?>
<testng-results ignored="0" total="1" passed="1" failed="0" skipped="0">
  <reporter-output>
  </reporter-output>
  <suite started-at="2022-01-18T07:31:59Z" name="Default suite" finished-at="2022-01-18T07:32:13Z" duration-ms="13646">
    <groups>
    </groups>
    <test started-at="2022-01-18T07:31:59Z" name="Default test" finished-at="2022-01-18T07:32:13Z" duration-ms="13646">
      <class name="conceptsOfSelenium.SelectDropDown">
        <test-method signature="selectDDValues()[pri:0, instance:conceptsOfSelenium.SelectDropDown@39ac0c0a]" started-at="2022-01-18T07:31:59Z" name="selectDDValues" finished-at="2022-01-18T07:32:13Z" duration-ms="13626" status="PASS">
          <reporter-output>
          </reporter-output>
        </test-method> <!-- selectDDValues -->
      </class> <!-- conceptsOfSelenium.SelectDropDown -->
    </test> <!-- Default test -->
  </suite> <!-- Default suite -->
</testng-results>
